<?xml version="1.0" encoding="UTF-8"?>
<robot generator="Robot 7.0.1 (Python 3.12.3 on win32)" generated="2025-01-15T17:23:49.654820" rpa="false" schemaversion="5">
<suite id="s1" name="AACreation Test" source="C:\Users\Yogesh.c\Yogesh_Automation_1501\Tests\AACreation_Test.robot">
<test id="s1-t1" name="Administrative Approval Creation" line="10">
<kw name="Open Browser" owner="SeleniumLibrary">
<msg time="2025-01-15T17:23:49.880492" level="INFO">Opening browser 'chrome' to base url 'http://192.168.0.162:9696/Login.aspx'.</msg>
<arg>${Login_URL}</arg>
<arg>${Browser}</arg>
<doc>Opens a new browser instance to the optional ``url``.</doc>
<status status="PASS" start="2025-01-15T17:23:49.880492" elapsed="5.641069"/>
</kw>
<kw name="Maximize Browser Window" owner="SeleniumLibrary">
<doc>Maximizes current browser window.</doc>
<status status="PASS" start="2025-01-15T17:23:55.522552" elapsed="0.042582"/>
</kw>
<kw name="Login with Maker">
<kw name="Wait Until Element Is Visible" owner="SeleniumLibrary">
<arg>id:txtUser</arg>
<arg>timeout=10</arg>
<doc>Waits until the element ``locator`` is visible.</doc>
<status status="PASS" start="2025-01-15T17:23:55.571551" elapsed="0.036959"/>
</kw>
<kw name="Input Text" owner="SeleniumLibrary">
<msg time="2025-01-15T17:23:55.609512" level="INFO">Typing text 'Dbchavan' into text field 'id:txtUser'.</msg>
<arg>id:txtUser</arg>
<arg>Dbchavan</arg>
<doc>Types the given ``text`` into the text field identified by ``locator``.</doc>
<status status="PASS" start="2025-01-15T17:23:55.608510" elapsed="0.088756"/>
</kw>
<kw name="Wait Until Element Is Visible" owner="SeleniumLibrary">
<arg>id:txtPass</arg>
<arg>timeout=10</arg>
<doc>Waits until the element ``locator`` is visible.</doc>
<status status="PASS" start="2025-01-15T17:23:55.697266" elapsed="0.016777"/>
</kw>
<kw name="Input Text" owner="SeleniumLibrary">
<msg time="2025-01-15T17:23:55.714043" level="INFO">Typing text 'Pass@123' into text field 'id:txtPass'.</msg>
<arg>id:txtPass</arg>
<arg>Pass@123</arg>
<doc>Types the given ``text`` into the text field identified by ``locator``.</doc>
<status status="PASS" start="2025-01-15T17:23:55.714043" elapsed="0.085066"/>
</kw>
<kw name="Wait Until Element Is Visible" owner="SeleniumLibrary">
<arg>xpath://*[@id="btnLogin"]</arg>
<arg>timeout=10</arg>
<doc>Waits until the element ``locator`` is visible.</doc>
<status status="PASS" start="2025-01-15T17:23:55.799109" elapsed="0.018376"/>
</kw>
<kw name="Click Element" owner="SeleniumLibrary">
<msg time="2025-01-15T17:23:55.818569" level="INFO">Clicking element 'xpath://*[@id="btnLogin"]'.</msg>
<arg>xpath://*[@id="btnLogin"]</arg>
<doc>Click the element identified by ``locator``.</doc>
<status status="PASS" start="2025-01-15T17:23:55.817485" elapsed="1.625553"/>
</kw>
<status status="PASS" start="2025-01-15T17:23:55.568530" elapsed="1.874508"/>
</kw>
<kw name="Create AA Details">
<kw name="Click Element" owner="SeleniumLibrary">
<msg time="2025-01-15T17:23:57.446039" level="INFO">Clicking element 'xpath://*[@id="ctl01"]/div[5]/div[3]/div/div/ul/li[1]/a'.</msg>
<arg>xpath://*[@id="ctl01"]/div[5]/div[3]/div/div/ul/li[1]/a</arg>
<doc>Click the element identified by ``locator``.</doc>
<status status="PASS" start="2025-01-15T17:23:57.446039" elapsed="0.080572"/>
</kw>
<kw name="Click Element" owner="SeleniumLibrary">
<msg time="2025-01-15T17:23:57.527675" level="INFO">Clicking element 'xpath://*[@id="ctl01"]/div[5]/div[3]/div/div/ul/li[1]/ul/li[1]/ul/li[1]/a'.</msg>
<msg time="2025-01-15T17:23:58.217621" level="INFO" html="true">&lt;/td&gt;&lt;/tr&gt;&lt;tr&gt;&lt;td colspan="3"&gt;&lt;a href="selenium-screenshot-7.png"&gt;&lt;img src="selenium-screenshot-7.png" width="800px"&gt;&lt;/a&gt;</msg>
<msg time="2025-01-15T17:23:58.217621" level="FAIL">ElementNotInteractableException: Message: element not interactable
  (Session info: chrome=131.0.6778.266)
Stacktrace:
	GetHandleVerifier [0x00007FF6B9966CF5+28821]
	(No symbol) [0x00007FF6B98D3880]
	(No symbol) [0x00007FF6B97755B9]
	(No symbol) [0x00007FF6B97CA674]
	(No symbol) [0x00007FF6B97BCBA0]
	(No symbol) [0x00007FF6B97EF2FA]
	(No symbol) [0x00007FF6B97BC3F6]
	(No symbol) [0x00007FF6B97EF510]
	(No symbol) [0x00007FF6B980F412]
	(No symbol) [0x00007FF6B97EF0A3]
	(No symbol) [0x00007FF6B97BA778]
	(No symbol) [0x00007FF6B97BB8E1]
	GetHandleVerifier [0x00007FF6B9C9FCED+3408013]
	GetHandleVerifier [0x00007FF6B9CB745F+3504127]
	GetHandleVerifier [0x00007FF6B9CAB63D+3455453]
	GetHandleVerifier [0x00007FF6B9A2BDFB+835995]
	(No symbol) [0x00007FF6B98DEB9F]
	(No symbol) [0x00007FF6B98DA854]
	(No symbol) [0x00007FF6B98DA9ED]
	(No symbol) [0x00007FF6B98CA1D9]
	BaseThreadInitThunk [0x00007FFDD5BEE8D7+23]
	RtlUserThreadStart [0x00007FFDD71BFBCC+44]
</msg>
<arg>xpath://*[@id="ctl01"]/div[5]/div[3]/div/div/ul/li[1]/ul/li[1]/ul/li[1]/a</arg>
<doc>Click the element identified by ``locator``.</doc>
<status status="FAIL" start="2025-01-15T17:23:57.527675" elapsed="0.709225">ElementNotInteractableException: Message: element not interactable
  (Session info: chrome=131.0.6778.266)
Stacktrace:
	GetHandleVerifier [0x00007FF6B9966CF5+28821]
	(No symbol) [0x00007FF6B98D3880]
	(No symbol) [0x00007FF6B97755B9]
	(No symbol) [0x00007FF6B97CA674]
	(No symbol) [0x00007FF6B97BCBA0]
	(No symbol) [0x00007FF6B97EF2FA]
	(No symbol) [0x00007FF6B97BC3F6]
	(No symbol) [0x00007FF6B97EF510]
	(No symbol) [0x00007FF6B980F412]
	(No symbol) [0x00007FF6B97EF0A3]
	(No symbol) [0x00007FF6B97BA778]
	(No symbol) [0x00007FF6B97BB8E1]
	GetHandleVerifier [0x00007FF6B9C9FCED+3408013]
	GetHandleVerifier [0x00007FF6B9CB745F+3504127]
	GetHandleVerifier [0x00007FF6B9CAB63D+3455453]
	GetHandleVerifier [0x00007FF6B9A2BDFB+835995]
	(No symbol) [0x00007FF6B98DEB9F]
	(No symbol) [0x00007FF6B98DA854]
	(No symbol) [0x00007FF6B98DA9ED]
	(No symbol) [0x00007FF6B98CA1D9]
	BaseThreadInitThunk [0x00007FFDD5BEE8D7+23]
	RtlUserThreadStart [0x00007FFDD71BFBCC+44]
</status>
</kw>
<status status="FAIL" start="2025-01-15T17:23:57.445069" elapsed="0.791831">ElementNotInteractableException: Message: element not interactable
  (Session info: chrome=131.0.6778.266)
Stacktrace:
	GetHandleVerifier [0x00007FF6B9966CF5+28821]
	(No symbol) [0x00007FF6B98D3880]
	(No symbol) [0x00007FF6B97755B9]
	(No symbol) [0x00007FF6B97CA674]
	(No symbol) [0x00007FF6B97BCBA0]
	(No symbol) [0x00007FF6B97EF2FA]
	(No symbol) [0x00007FF6B97BC3F6]
	(No symbol) [0x00007FF6B97EF510]
	(No symbol) [0x00007FF6B980F412]
	(No symbol) [0x00007FF6B97EF0A3]
	(No symbol) [0x00007FF6B97BA778]
	(No symbol) [0x00007FF6B97BB8E1]
	GetHandleVerifier [0x00007FF6B9C9FCED+3408013]
	GetHandleVerifier [0x00007FF6B9CB745F+3504127]
	GetHandleVerifier [0x00007FF6B9CAB63D+3455453]
	GetHandleVerifier [0x00007FF6B9A2BDFB+835995]
	(No symbol) [0x00007FF6B98DEB9F]
	(No symbol) [0x00007FF6B98DA854]
	(No symbol) [0x00007FF6B98DA9ED]
	(No symbol) [0x00007FF6B98CA1D9]
	BaseThreadInitThunk [0x00007FFDD5BEE8D7+23]
	RtlUserThreadStart [0x00007FFDD71BFBCC+44]
</status>
</kw>
<doc>This test case verify creation of AA Details</doc>
<tag>Regression</tag>
<status status="FAIL" start="2025-01-15T17:23:49.878934" elapsed="8.357966">ElementNotInteractableException: Message: element not interactable
  (Session info: chrome=131.0.6778.266)
Stacktrace:
	GetHandleVerifier [0x00007FF6B9966CF5+28821]
	(No symbol) [0x00007FF6B98D3880]
	(No symbol) [0x00007FF6B97755B9]
	(No symbol) [0x00007FF6B97CA674]
	(No symbol) [0x00007FF6B97BCBA0]
	(No symbol) [0x00007FF6B97EF2FA]
	(No symbol) [0x00007FF6B97BC3F6]
	(No symbol) [0x00007FF6B97EF510]
	(No symbol) [0x00007FF6B980F412]
	(No symbol) [0x00007FF6B97EF0A3]
	(No symbol) [0x00007FF6B97BA778]
	(No symbol) [0x00007FF6B97BB8E1]
	GetHandleVerifier [0x00007FF6B9C9FCED+3408013]
	GetHandleVerifier [0x00007FF6B9CB745F+3504127]
	GetHandleVerifier [0x00007FF6B9CAB63D+3455453]
	GetHandleVerifier [0x00007FF6B9A2BDFB+835995]
	(No symbol) [0x00007FF6B98DEB9F]
	(No symbol) [0x00007FF6B98DA854]
	(No symbol) [0x00007FF6B98DA9ED]
	(No symbol) [0x00007FF6B98CA1D9]
	BaseThreadInitThunk [0x00007FFDD5BEE8D7+23]
	RtlUserThreadStart [0x00007FFDD71BFBCC+44]
</status>
</test>
<status status="FAIL" start="2025-01-15T17:23:49.657021" elapsed="8.581918"/>
</suite>
<statistics>
<total>
<stat pass="0" fail="1" skip="0">All Tests</stat>
</total>
<tag>
<stat pass="0" fail="1" skip="0">Regression</stat>
</tag>
<suite>
<stat pass="0" fail="1" skip="0" id="s1" name="AACreation Test">AACreation Test</stat>
</suite>
</statistics>
<errors>
</errors>
</robot>
